<?xml version="1.0" encoding="UTF-8"?>
<!-- Generated by org.testng.reporters.JUnitXMLReporter -->
<testsuite ignored="0" hostname="DESKTOP-UABRI8V" failures="0" tests="2" name="run on firefox" time="11.644" errors="0" timestamp="29 Jan 2023 16:52:08 GMT">
  <testcase classname="com.nopcommerce.user.Level_19_Sort_ASC_DESC" name="Sort_01_Name_ASC" time="3.17"/>
  <testcase classname="com.nopcommerce.user.Level_19_Sort_ASC_DESC" name="Sort_02_Name_DESC" time="3.364"/>
</testsuite> <!-- run on firefox -->
